[OK] County 25001, window 202122-202127: ND=891.0351, RMSE=8575.7805, MAE=1451.1143
[OK] County 25003, window 202122-202127: ND=1930.5135, RMSE=12067.6197, MAE=2040.8286
[OK] County 25005, window 202122-202127: ND=78.7952, RMSE=3855.9472, MAE=659.6286
[OK] County 25009, window 202122-202127: ND=40.4336, RMSE=2817.4477, MAE=487.5143
[OK] County 25013, window 202122-202127: ND=89.8182, RMSE=3801.0094, MAE=649.2571
[OK] County 25021, window 202122-202127: ND=77.1667, RMSE=3015.6929, MAE=515.9143
[OK] County 25023, window 202122-202127: ND=121.9031, RMSE=4009.4178, MAE=682.6571
[OK] County 25025, window 202122-202127: ND=47.4009, RMSE=3368.1453, MAE=581.0000
[OK] County 25027, window 202122-202127: ND=36.8173, RMSE=2587.4072, MAE=449.1714

Saved metrics to Results/metrics_summary_jun21.csv

Aggregate metrics by window:
- 202122-202127: ND=368.2093, RMSE=4899.8297, MAE=835.2317 (n=9)
[OK] County 25001, window 202126-202130: ND=88.9534, RMSE=8607.9433, MAE=1471.5429
[OK] County 25003, window 202126-202130: ND=652.0278, RMSE=11884.7293, MAE=2011.9714
[OK] County 25005, window 202126-202130: ND=23.1379, RMSE=3772.1873, MAE=666.3714
[OK] County 25009, window 202126-202130: ND=19.5173, RMSE=2801.6240, MAE=499.0857
[OK] County 25013, window 202126-202130: ND=32.8580, RMSE=3640.3820, MAE=634.6286
[OK] County 25021, window 202126-202130: ND=25.0540, RMSE=2935.7367, MAE=516.8286
[OK] County 25023, window 202126-202130: ND=38.3313, RMSE=4208.9806, MAE=730.4857
[OK] County 25025, window 202126-202130: ND=16.0081, RMSE=3448.0972, MAE=621.5714
[OK] County 25027, window 202126-202130: ND=17.0678, RMSE=2602.2383, MAE=467.1714

Saved metrics to Results/metrics_summary_jul21.csv

Aggregate metrics by window:
- 202126-202130: ND=101.4395, RMSE=4877.9910, MAE=846.6286 (n=9)
